<?xml version="1.0" encoding="UTF-8"?>
<!-- Generated by org.testng.reporters.JUnitReportReporter -->
<testsuite hostname="DESKTOP-P33KVPF" failures="0" tests="2" name="com.hrm.testcases.TC_005_VerifyLogoutModule" time="52.047" errors="0" timestamp="2023-09-17T20:19:32 IST" skipped="0">
  <testcase classname="com.hrm.testcases.TC_005_VerifyLogoutModule" name="verifyLogout" time="27.669"/>
  <testcase classname="com.hrm.testcases.TC_005_VerifyLogoutModule" name="verifyContentsOfTheUserProfileBtn" time="24.378"/>
</testsuite> <!-- com.hrm.testcases.TC_005_VerifyLogoutModule -->
