<?xml version="1.0" encoding="UTF-8"?>
<!-- Generated by org.testng.reporters.JUnitReportReporter -->
<testsuite hostname="DESKTOP-P33KVPF" failures="0" tests="1" name="com.hrm.testcases.TC_003_VerifyAdminModule" time="41.703" errors="0" timestamp="2023-09-17T02:43:49 IST" skipped="0">
  <testcase classname="com.hrm.testcases.TC_003_VerifyAdminModule" name="deleteUser" time="41.703"/>
</testsuite> <!-- com.hrm.testcases.TC_003_VerifyAdminModule -->
