<?xml version="1.0" encoding="UTF-8"?>
<!-- Generated by org.testng.reporters.JUnitReportReporter -->
<testsuite hostname="DESKTOP-P33KVPF" failures="0" tests="3" name="com.hrm.testcases.TC_006_DataDrivenTestingFor3FailedAttempts" time="6.075" errors="0" timestamp="2023-09-17T01:59:37 IST" skipped="0">
  <testcase classname="com.hrm.testcases.TC_006_DataDrivenTestingFor3FailedAttempts" name="verifyLoginWithThreeWrongAttempts" time="1.571"/>
  <testcase classname="com.hrm.testcases.TC_006_DataDrivenTestingFor3FailedAttempts" name="verifyLoginWithThreeWrongAttempts" time="3.085"/>
  <testcase classname="com.hrm.testcases.TC_006_DataDrivenTestingFor3FailedAttempts" name="verifyLoginWithThreeWrongAttempts" time="1.419"/>
</testsuite> <!-- com.hrm.testcases.TC_006_DataDrivenTestingFor3FailedAttempts -->
