<?xml version="1.0" encoding="UTF-8"?>
<!-- Generated by org.testng.reporters.JUnitReportReporter -->
<testsuite hostname="DESKTOP-P33KVPF" failures="0" tests="1" name="com.hrm.testcases.TC_003_VerifyAdminModule" time="33.153" errors="0" timestamp="2023-09-17T12:17:50 IST" skipped="0">
  <testcase classname="com.hrm.testcases.TC_003_VerifyAdminModule" name="verifyStatusContentsInDropDown" time="33.153"/>
</testsuite> <!-- com.hrm.testcases.TC_003_VerifyAdminModule -->
