<?xml version="1.0" encoding="UTF-8"?>
<!-- Generated by org.testng.reporters.JUnitReportReporter -->
<testsuite hostname="DESKTOP-P33KVPF" failures="0" tests="2" name="com.hrm.testcases.TC_005_VerifyLogoutModule" time="54.958" errors="0" timestamp="2023-09-17T04:15:41 IST" skipped="0">
  <testcase classname="com.hrm.testcases.TC_005_VerifyLogoutModule" name="verifyLogout" time="29.055"/>
  <testcase classname="com.hrm.testcases.TC_005_VerifyLogoutModule" name="verifyContentsOfTheUserProfileBtn" time="25.903"/>
</testsuite> <!-- com.hrm.testcases.TC_005_VerifyLogoutModule -->
