<?xml version="1.0" encoding="UTF-8"?>
<!-- Generated by org.testng.reporters.JUnitReportReporter -->
<testsuite hostname="DESKTOP-P33KVPF" failures="0" tests="2" name="com.hrm.testcases.TC_005_VerifyLogoutModule" time="62.114" errors="0" timestamp="2023-09-18T01:12:59 IST" skipped="0">
  <testcase classname="com.hrm.testcases.TC_005_VerifyLogoutModule" name="verifyContentsOfTheUserProfileBtn" time="29.039"/>
  <testcase classname="com.hrm.testcases.TC_005_VerifyLogoutModule" name="verifyLogout" time="33.075"/>
</testsuite> <!-- com.hrm.testcases.TC_005_VerifyLogoutModule -->
