<?xml version="1.0" encoding="UTF-8"?>
<!-- Generated by org.testng.reporters.JUnitReportReporter -->
<testsuite hostname="DESKTOP-P33KVPF" failures="0" tests="1" name="com.hrm.testcases.TC_002_VerifyHomeLoginWithCredentials" time="32.043" errors="0" timestamp="2023-09-14T17:10:10 IST" skipped="0">
  <testcase classname="com.hrm.testcases.TC_002_VerifyHomeLoginWithCredentials" name="exampleScreenshot" time="32.043"/>
</testsuite> <!-- com.hrm.testcases.TC_002_VerifyHomeLoginWithCredentials -->
