<?xml version="1.0" encoding="UTF-8"?>
<!-- Generated by org.testng.reporters.JUnitReportReporter -->
<testsuite hostname="DESKTOP-P33KVPF" failures="0" tests="1" name="com.hrm.testcases.TC_007_VerifyDashboardModule" time="26.842" errors="0" timestamp="2023-09-17T20:19:32 IST" skipped="0">
  <testcase classname="com.hrm.testcases.TC_007_VerifyDashboardModule" name="verifyDashboardPageContents" time="26.842"/>
</testsuite> <!-- com.hrm.testcases.TC_007_VerifyDashboardModule -->
